# JRE version: Java(TM) SE Runtime Environment (8.0_131-b11) (build 1.8.0_131-b11)
# Java VM: Java HotSpot(TM) 64-Bit Server VM (25.131-b11 mixed mode windows-amd64 compressed oops)
Heap:
 PSYoungGen      total 140800K, used 110875K [0x000000076b580000, 0x0000000774980000, 0x00000007c0000000)
  eden space 130048K, 77% used [0x000000076b580000,0x000000077179be58,0x0000000773480000)
  from space 10752K, 96% used [0x0000000773f00000,0x000000077492add0,0x0000000774980000)
  to   space 10752K, 0% used [0x0000000773480000,0x0000000773480000,0x0000000773f00000)
 ParOldGen       total 173568K, used 862K [0x00000006c2000000, 0x00000006cc980000, 0x000000076b580000)
  object space 173568K, 0% used [0x00000006c2000000,0x00000006c20d7b68,0x00000006cc980000)
 Metaspace       used 16013K, capacity 16436K, committed 16768K, reserved 1064960K
  class space    used 1714K, capacity 1826K, committed 1920K, reserved 1048576K
GC Heap History (4 events):
Event: 1.333 GC heap before
{Heap before GC invocations=1 (full 0):
 PSYoungGen      total 75776K, used 65024K [0x000000076b580000, 0x0000000770a00000, 0x00000007c0000000)
  eden space 65024K, 100% used [0x000000076b580000,0x000000076f500000,0x000000076f500000)
  from space 10752K, 0% used [0x000000076ff80000,0x000000076ff80000,0x0000000770a00000)
  to   space 10752K, 0% used [0x000000076f500000,0x000000076f500000,0x000000076ff80000)
 ParOldGen       total 173568K, used 0K [0x00000006c2000000, 0x00000006cc980000, 0x000000076b580000)
  object space 173568K, 0% used [0x00000006c2000000,0x00000006c2000000,0x00000006cc980000)
 Metaspace       used 12468K, capacity 12686K, committed 13056K, reserved 1060864K
  class space    used 1374K, capacity 1415K, committed 1536K, reserved 1048576K
Event: 1.355 GC heap after
Heap after GC invocations=1 (full 0):
 PSYoungGen      total 75776K, used 10745K [0x000000076b580000, 0x0000000774980000, 0x00000007c0000000)
  eden space 65024K, 0% used [0x000000076b580000,0x000000076b580000,0x000000076f500000)
  from space 10752K, 99% used [0x000000076f500000,0x000000076ff7e7d8,0x000000076ff80000)
  to   space 10752K, 0% used [0x0000000773f00000,0x0000000773f00000,0x0000000774980000)
 ParOldGen       total 173568K, used 718K [0x00000006c2000000, 0x00000006cc980000, 0x000000076b580000)
  object space 173568K, 0% used [0x00000006c2000000,0x00000006c20b3b58,0x00000006cc980000)
 Metaspace       used 12468K, capacity 12686K, committed 13056K, reserved 1060864K
  class space    used 1374K, capacity 1415K, committed 1536K, reserved 1048576K
}
Event: 2.130 GC heap before
{Heap before GC invocations=2 (full 0):
 PSYoungGen      total 75776K, used 75769K [0x000000076b580000, 0x0000000774980000, 0x00000007c0000000)
  eden space 65024K, 100% used [0x000000076b580000,0x000000076f500000,0x000000076f500000)
  from space 10752K, 99% used [0x000000076f500000,0x000000076ff7e7d8,0x000000076ff80000)
  to   space 10752K, 0% used [0x0000000773f00000,0x0000000773f00000,0x0000000774980000)
 ParOldGen       total 173568K, used 718K [0x00000006c2000000, 0x00000006cc980000, 0x000000076b580000)
  object space 173568K, 0% used [0x00000006c2000000,0x00000006c20b3b58,0x00000006cc980000)
 Metaspace       used 15686K, capacity 15988K, committed 16256K, reserved 1062912K
  class space    used 1684K, capacity 1794K, committed 1920K, reserved 1048576K
Event: 2.148 GC heap after
Heap after GC invocations=2 (full 0):
 PSYoungGen      total 140800K, used 10411K [0x000000076b580000, 0x0000000774980000, 0x00000007c0000000)
  eden space 130048K, 0% used [0x000000076b580000,0x000000076b580000,0x0000000773480000)
  from space 10752K, 96% used [0x0000000773f00000,0x000000077492add0,0x0000000774980000)
  to   space 10752K, 0% used [0x0000000773480000,0x0000000773480000,0x0000000773f00000)
 ParOldGen       total 173568K, used 862K [0x00000006c2000000, 0x00000006cc980000, 0x000000076b580000)
  object space 173568K, 0% used [0x00000006c2000000,0x00000006c20d7b68,0x00000006cc980000)
 Metaspace       used 15686K, capacity 15988K, committed 16256K, reserved 1062912K
  class space    used 1684K, capacity 1794K, committed 1920K, reserved 1048576K
}

